
/home/runner/work/exp-heat-transfer-pin-fin-iitb/exp-heat-transfer-pin-fin-iitb/experiment/simulation/common_libraries/js/ts_components/collapse_step.js
   1:10  warning  'show_step' is defined but never used                 no-unused-vars
   2:5   warning  '$' is not defined                                    no-undef
   3:9   warning  '$' is not defined                                    no-undef
   6:10  warning  'hide_step' is defined but never used                 no-unused-vars
   7:5   warning  '$' is not defined                                    no-undef
   8:9   warning  '$' is not defined                                    no-undef
  11:10  warning  'get_collapse_btn_text' is defined but never used     no-unused-vars
  20:10  warning  'get_collapse_btn_element' is defined but never used  no-unused-vars
  29:10  warning  'hide_all_steps' is defined but never used            no-unused-vars
  31:9   warning  '$' is not defined                                    no-undef

/home/runner/work/exp-heat-transfer-pin-fin-iitb/exp-heat-transfer-pin-fin-iitb/experiment/simulation/common_libraries/js/ts_components/matrix.js
   27:26  warning  'MathJax' is not defined                                no-undef
   32:7   warning  'Matrix_Without_String' is defined but never used       no-unused-vars
   52:26  warning  'MathJax' is not defined                                no-undef
   56:10  warning  'get_matrix_html' is defined but never used             no-unused-vars
   87:13  warning  'row_html' is assigned a value but never used           no-unused-vars
   99:10  warning  'get_matrix_html_with_title' is defined but never used  no-unused-vars
  131:13  warning  'row_html' is assigned a value but never used           no-unused-vars
  143:10  warning  'convert_2d_to_1d_vector' is defined but never used     no-unused-vars
  156:10  warning  'convert_1d_to_2d_matrix' is defined but never used     no-unused-vars

/home/runner/work/exp-heat-transfer-pin-fin-iitb/exp-heat-transfer-pin-fin-iitb/experiment/simulation/common_libraries/js/ts_components/pannel.js
  8:7  warning  'Pannel' is defined but never used  no-unused-vars

/home/runner/work/exp-heat-transfer-pin-fin-iitb/exp-heat-transfer-pin-fin-iitb/experiment/simulation/common_libraries/js/ts_components/questions.js
   6:17  warning  'op1' is assigned a value but never used      no-unused-vars
   7:17  warning  'op2' is assigned a value but never used      no-unused-vars
   8:17  warning  'op3' is assigned a value but never used      no-unused-vars
   9:17  warning  'op4' is assigned a value but never used      no-unused-vars
  94:7   warning  'Question_Options' is defined but never used  no-unused-vars

/home/runner/work/exp-heat-transfer-pin-fin-iitb/exp-heat-transfer-pin-fin-iitb/experiment/simulation/common_libraries/js/ts_components/tables.js
   19:22  warning  'verify_values' is not defined                                     no-undef
  137:22  warning  'verify_values' is not defined                                     no-undef
  260:7   warning  'Verify_Rows_Cols_6_decimal_places' is defined but never used      no-unused-vars
  311:22  warning  'verify_values' is not defined                                     no-undef
  416:7   warning  'Verify_Rows_Cols_Custom_Fixed_Update1' is defined but never used  no-unused-vars
  468:7   warning  'Show_Table_Custom_Fixed' is defined but never used                no-unused-vars
  506:7   warning  'Verify_Rows_Cols_Strings' is defined but never used               no-unused-vars
  527:22  warning  'verify_values' is not defined                                     no-undef
  663:7   warning  'Display_Table' is defined but never used                          no-unused-vars

/home/runner/work/exp-heat-transfer-pin-fin-iitb/exp-heat-transfer-pin-fin-iitb/experiment/simulation/common_libraries/js/ts_math_library/general_math_functions.js
    1:10  warning  'verify_values' is defined but never used                   no-unused-vars
   17:10  warning  'random1' is defined but never used                         no-unused-vars
   21:10  warning  'std_deviation' is defined but never used                   no-unused-vars
   26:10  warning  'gauss' is defined but never used                           no-unused-vars
   56:10  warning  'hide_panel' is defined but never used                      no-unused-vars
   63:10  warning  'inverse_matrix' is defined but never used                  no-unused-vars
   96:10  warning  'matrix_multiplication' is defined but never used           no-unused-vars
  113:10  warning  'transpose_matrix' is defined but never used                no-unused-vars
  123:10  warning  'matrix_multiplication_8decimal' is defined but never used  no-unused-vars
  140:10  warning  'adjoint_2x2_matrix' is defined but never used              no-unused-vars
  145:10  warning  'find_deteminant' is defined but never used                 no-unused-vars
  174:10  warning  'get_Submatrix' is defined but never used                   no-unused-vars

/home/runner/work/exp-heat-transfer-pin-fin-iitb/exp-heat-transfer-pin-fin-iitb/experiment/simulation/common_libraries/js/ts_math_library/regression.js
   1:10  warning  'regression_linear' is defined but never used            no-unused-vars
  18:10  warning  'regression_linear_1variable' is defined but never used  no-unused-vars
  27:10  warning  'regression_linear_2variable' is defined but never used  no-unused-vars
  52:11  warning  'gauss' is not defined                                   no-undef

/home/runner/work/exp-heat-transfer-pin-fin-iitb/exp-heat-transfer-pin-fin-iitb/experiment/simulation/common_libraries/math.ob.js
  1:745  warning  'b' is already defined  no-redeclare

/home/runner/work/exp-heat-transfer-pin-fin-iitb/exp-heat-transfer-pin-fin-iitb/experiment/simulation/js/activity1.js
   15:9    warning  'MathJax' is not defined                        no-undef
   19:10   warning  'start_act1' is defined but never used          no-unused-vars
   24:20   warning  'get_collapse_btn_text' is not defined          no-undef
   36:32   warning  'd_cm_a1' is not defined                        no-undef
   36:61   warning  'L_cm_a1' is not defined                        no-undef
   36:116  warning  'T0_a1' is not defined                          no-undef
   36:172  warning  'Tf_a1' is not defined                          no-undef
   37:56   warning  'h_a1' is not defined                           no-undef
   38:29   warning  'K_a1' is not defined                           no-undef
   50:19   warning  Unnecessary escape character: \θ                no-useless-escape
   61:5    warning  'hide_all_steps' is not defined                 no-undef
   63:9    warning  'MathJax' is not defined                        no-undef
   66:9    warning  'show_step' is not defined                      no-undef
   71:5    warning  'd_cm_a1' is not defined                        no-undef
   71:26   warning  'random' is not defined                         no-undef
   72:5    warning  'd_m_a1' is not defined                         no-undef
   72:26   warning  'd_cm_a1' is not defined                        no-undef
   73:5    warning  'T0_a1' is not defined                          no-undef
   73:13   warning  'random1' is not defined                        no-undef
   74:5    warning  'Tf_a1' is not defined                          no-undef
   74:13   warning  'random1' is not defined                        no-undef
   75:5    warning  'theta_0_a1' is not defined                     no-undef
   75:18   warning  'T0_a1' is not defined                          no-undef
   75:26   warning  'Tf_a1' is not defined                          no-undef
   76:5    warning  'P_a1' is not defined                           no-undef
   76:22   warning  'd_m_a1' is not defined                         no-undef
   77:5    warning  'A_a1' is not defined                           no-undef
   77:37   warning  'd_m_a1' is not defined                         no-undef
   78:5    warning  'm_a1' is not defined                           no-undef
   78:23   warning  'h_a1' is not defined                           no-undef
   78:30   warning  'P_a1' is not defined                           no-undef
   78:39   warning  'K_a1' is not defined                           no-undef
   78:46   warning  'A_a1' is not defined                           no-undef
   79:5    warning  'Q_a1' is not defined                           no-undef
   80:19   warning  'h_a1' is not defined                           no-undef
   80:26   warning  'P_a1' is not defined                           no-undef
   80:33   warning  'K_a1' is not defined                           no-undef
   80:40   warning  'A_a1' is not defined                           no-undef
   81:13   warning  'theta_0_a1' is not defined                     no-undef
   82:23   warning  'm_a1' is not defined                           no-undef
   82:30   warning  'L_m_a1' is not defined                         no-undef
   83:5    warning  'effc_a1' is not defined                        no-undef
   83:25   warning  'm_a1' is not defined                           no-undef
   83:32   warning  'L_m_a1' is not defined                         no-undef
   83:43   warning  'm_a1' is not defined                           no-undef
   83:50   warning  'L_m_a1' is not defined                         no-undef
   84:5    warning  'T_end_a1' is not defined                       no-undef
   84:16   warning  'theta_0_a1' is not defined                     no-undef
   84:39   warning  'm_a1' is not defined                           no-undef
   84:46   warning  'L_m_a1' is not defined                         no-undef
   84:56   warning  'Tf_a1' is not defined                          no-undef
   85:28   warning  'd_cm_a1' is not defined                        no-undef
   86:27   warning  'd_m_a1' is not defined                         no-undef
   87:26   warning  'T0_a1' is not defined                          no-undef
   88:26   warning  'Tf_a1' is not defined                          no-undef
   89:31   warning  'theta_0_a1' is not defined                     no-undef
   90:25   warning  'P_a1' is not defined                           no-undef
   91:25   warning  'A_a1' is not defined                           no-undef
   92:25   warning  'm_a1' is not defined                           no-undef
   93:25   warning  'Q_a1' is not defined                           no-undef
   94:28   warning  'effc_a1' is not defined                        no-undef
   95:29   warning  'T_end_a1' is not defined                       no-undef
   97:10   warning  'a1_verify_theta' is defined but never used     no-unused-vars
   99:17   warning  'theta_0_a1' is not defined                     no-undef
  100:10   warning  'verify_values' is not defined                  no-undef
  100:47   warning  'theta_0_a1' is not defined                     no-undef
  114:12   warning  Unnecessary escape character: \θ                no-useless-escape
  114:34   warning  'theta_0_a1' is not defined                     no-undef
  114:46   warning  Unnecessary escape character: \°                no-useless-escape
  126:22   warning  Unnecessary escape character: \π                no-useless-escape
  138:9    warning  'MathJax' is not defined                        no-undef
  141:10   warning  'a1_verify_P' is defined but never used         no-unused-vars
  143:17   warning  'P_a1' is not defined                           no-undef
  144:10   warning  'verify_values' is not defined                  no-undef
  144:47   warning  'P_a1' is not defined                           no-undef
  158:16   warning  Unnecessary escape character: \π                no-useless-escape
  158:36   warning  'P_a1' is not defined                           no-undef
  172:29   warning  Unnecessary escape character: \π                no-useless-escape
  184:9    warning  'MathJax' is not defined                        no-undef
  187:10   warning  'a1_verify_A' is defined but never used         no-unused-vars
  189:17   warning  'A_a1' is not defined                           no-undef
  190:10   warning  'verify_values' is not defined                  no-undef
  190:47   warning  'A_a1' is not defined                           no-undef
  204:23   warning  Unnecessary escape character: \π                no-useless-escape
  204:49   warning  'A_a1' is not defined                           no-undef
  224:9    warning  'MathJax' is not defined                        no-undef
  227:10   warning  'a1_verify_m' is defined but never used         no-unused-vars
  229:17   warning  'm_a1' is not defined                           no-undef
  230:10   warning  'verify_values' is not defined                  no-undef
  230:47   warning  'm_a1' is not defined                           no-undef
  244:56   warning  'm_a1' is not defined                           no-undef
  255:48   warning  Unnecessary escape character: \×                no-useless-escape
  267:9    warning  'MathJax' is not defined                        no-undef
  270:10   warning  'a1_verify_Q' is defined but never used         no-unused-vars
  272:17   warning  'Q_a1' is not defined                           no-undef
  273:10   warning  'verify_values' is not defined                  no-undef
  273:47   warning  'Q_a1' is not defined                           no-undef
  287:42   warning  Unnecessary escape character: \×                no-useless-escape
  287:70   warning  'Q_a1' is not defined                           no-undef
  298:18   warning  Unnecessary escape character: \η                no-useless-escape
  310:9    warning  'MathJax' is not defined                        no-undef
  313:10   warning  'a1_verify_eff' is defined but never used       no-unused-vars
  315:17   warning  'effc_a1' is not defined                        no-undef
  316:10   warning  'verify_values' is not defined                  no-undef
  316:47   warning  'effc_a1' is not defined                        no-undef
  330:13   warning  Unnecessary escape character: \η                no-useless-escape
  330:56   warning  'effc_a1' is not defined                        no-undef
  340:20   warning  Unnecessary escape character: \θ                no-useless-escape
  340:24   warning  Unnecessary escape character: \θ                no-useless-escape
  343:35   warning  Unnecessary escape character: \θ                no-useless-escape
  361:9    warning  'MathJax' is not defined                        no-undef
  364:10   warning  'a1_verify_T_end' is defined but never used     no-unused-vars
  366:17   warning  'T_end_a1' is not defined                       no-undef
  367:10   warning  'verify_values' is not defined                  no-undef
  367:47   warning  'T_end_a1' is not defined                       no-undef
  381:35   warning  'T_end_a1' is not defined                       no-undef
  381:60   warning  Unnecessary escape character: \°                no-useless-escape
  389:9    warning  'MathJax' is not defined                        no-undef
  392:10   warning  'activity_completed' is defined but never used  no-unused-vars

/home/runner/work/exp-heat-transfer-pin-fin-iitb/exp-heat-transfer-pin-fin-iitb/experiment/simulation/js/activity2.js
    2:10   warning  'activity2' is defined but never used        no-unused-vars
    5:20   warning  'get_collapse_btn_text' is not defined       no-undef
   13:68   warning  'l_mm_a2' is not defined                     no-undef
   13:89   warning  'w_mm_a2' is not defined                     no-undef
   14:83   warning  'T_end_a2' is not defined                    no-undef
   14:151  warning  'T0_a2' is not defined                       no-undef
   15:16   warning  'K_a2' is not defined                        no-undef
   15:40   warning  'h_a2' is not defined                        no-undef
   16:38   warning  'Tf_a2' is not defined                       no-undef
   25:25   warning  Unnecessary escape character: \×             no-useless-escape
   35:5    warning  'maindiv' is not defined                     no-undef
   36:5    warning  'hide_all_steps' is not defined              no-undef
   38:9    warning  'MathJax' is not defined                     no-undef
   41:9    warning  'show_step' is not defined                   no-undef
   46:5    warning  'l_mm_a2' is not defined                     no-undef
   46:15   warning  'random1' is not defined                     no-undef
   47:5    warning  'l_m_a2' is not defined                      no-undef
   47:26   warning  'l_mm_a2' is not defined                     no-undef
   48:5    warning  'w_mm_a2' is not defined                     no-undef
   48:15   warning  'random1' is not defined                     no-undef
   49:5    warning  'w_m_a2' is not defined                      no-undef
   49:26   warning  'w_mm_a2' is not defined                     no-undef
   50:5    warning  'Tf_a2' is not defined                       no-undef
   50:13   warning  'random1' is not defined                     no-undef
   51:5    warning  'P_a2' is not defined                        no-undef
   51:17   warning  'l_m_a2' is not defined                      no-undef
   51:26   warning  'w_m_a2' is not defined                      no-undef
   52:5    warning  'A_a2' is not defined                        no-undef
   52:12   warning  'l_m_a2' is not defined                      no-undef
   52:21   warning  'w_m_a2' is not defined                      no-undef
   53:5    warning  'm_a2' is not defined                        no-undef
   53:23   warning  'h_a2' is not defined                        no-undef
   53:30   warning  'P_a2' is not defined                        no-undef
   53:39   warning  'K_a2' is not defined                        no-undef
   53:46   warning  'A_a2' is not defined                        no-undef
   54:5    warning  'theta_0_a2' is not defined                  no-undef
   54:18   warning  'T0_a2' is not defined                       no-undef
   54:26   warning  'Tf_a2' is not defined                       no-undef
   55:5    warning  'theta_a2' is not defined                    no-undef
   55:16   warning  'T_end_a2' is not defined                    no-undef
   55:27   warning  'Tf_a2' is not defined                       no-undef
   56:5    warning  'L_a2' is not defined                        no-undef
   56:18   warning  'm_a2' is not defined                        no-undef
   56:35   warning  'theta_a2' is not defined                    no-undef
   56:46   warning  'theta_0_a2' is not defined                  no-undef
   57:28   warning  'l_mm_a2' is not defined                     no-undef
   58:27   warning  'l_m_a2' is not defined                      no-undef
   59:28   warning  'w_mm_a2' is not defined                     no-undef
   60:27   warning  'w_m_a2' is not defined                      no-undef
   61:26   warning  'Tf_a2' is not defined                       no-undef
   62:25   warning  'P_a2' is not defined                        no-undef
   63:25   warning  'A_a2' is not defined                        no-undef
   64:25   warning  'm_a2' is not defined                        no-undef
   65:31   warning  'theta_0_a2' is not defined                  no-undef
   66:29   warning  'theta_a2' is not defined                    no-undef
   67:25   warning  'L_a2' is not defined                        no-undef
   69:10   warning  'a2_verify_P' is defined but never used      no-unused-vars
   71:17   warning  'P_a2' is not defined                        no-undef
   72:10   warning  'verify_values' is not defined               no-undef
   72:47   warning  'P_a2' is not defined                        no-undef
   86:18   warning  Unnecessary escape character: \×             no-useless-escape
   86:42   warning  'P_a2' is not defined                        no-undef
  100:23   warning  Unnecessary escape character: \×             no-useless-escape
  112:9    warning  'MathJax' is not defined                     no-undef
  115:10   warning  'a2_verify_A' is defined but never used      no-unused-vars
  117:17   warning  'A_a2' is not defined                        no-undef
  118:10   warning  'verify_values' is not defined               no-undef
  118:47   warning  'A_a2' is not defined                        no-undef
  132:18   warning  Unnecessary escape character: \×             no-useless-escape
  132:39   warning  'A_a2' is not defined                        no-undef
  152:9    warning  'MathJax' is not defined                     no-undef
  155:10   warning  'a2_verify_m' is defined but never used      no-unused-vars
  157:17   warning  'm_a2' is not defined                        no-undef
  158:10   warning  'verify_values' is not defined               no-undef
  158:47   warning  'm_a2' is not defined                        no-undef
  172:56   warning  'm_a2' is not defined                        no-undef
  180:18   warning  Unnecessary escape character: \θ             no-useless-escape
  189:18   warning  Unnecessary escape character: \θ             no-useless-escape
  201:9    warning  'MathJax' is not defined                     no-undef
  204:10   warning  'a2_verify_theta' is defined but never used  no-unused-vars
  207:17   warning  'theta_0_a2' is not defined                  no-undef
  207:29   warning  'theta_a2' is not defined                    no-undef
  208:10   warning  'verify_values' is not defined               no-undef
  208:48   warning  'theta_0_a2' is not defined                  no-undef
  217:10   warning  'verify_values' is not defined               no-undef
  217:48   warning  'theta_a2' is not defined                    no-undef
  231:12   warning  Unnecessary escape character: \θ             no-useless-escape
  231:35   warning  'theta_0_a2' is not defined                  no-undef
  231:46   warning  Unnecessary escape character: \°             no-useless-escape
  235:13   warning  Unnecessary escape character: \θ             no-useless-escape
  235:36   warning  'theta_a2' is not defined                    no-undef
  235:45   warning  Unnecessary escape character: \°             no-useless-escape
  246:20   warning  Unnecessary escape character: \θ             no-useless-escape
  246:24   warning  Unnecessary escape character: \θ             no-useless-escape
  264:9    warning  'MathJax' is not defined                     no-undef
  267:10   warning  'a2_verify_L' is defined but never used      no-unused-vars
  269:17   warning  'L_a2' is not defined                        no-undef
  270:10   warning  'verify_values' is not defined               no-undef
  270:47   warning  'L_a2' is not defined                        no-undef
  284:31   warning  'L_a2' is not defined                        no-undef
  293:9    warning  'MathJax' is not defined                     no-undef

/home/runner/work/exp-heat-transfer-pin-fin-iitb/exp-heat-transfer-pin-fin-iitb/experiment/simulation/js/activity3.js
    2:10  warning  'activity3' is defined but never used      no-unused-vars
    5:20  warning  'get_collapse_btn_text' is not defined     no-undef
   21:19  warning  'L_mm_a3' is not defined                   no-undef
   24:31  warning  'K1_a3' is not defined                     no-undef
   27:31  warning  'K2_a3' is not defined                     no-undef
   32:19  warning  'h_a3' is not defined                      no-undef
   35:31  warning  'd1_mm_a3' is not defined                  no-undef
   38:31  warning  'd2_mm_a3' is not defined                  no-undef
   48:23  warning  Unnecessary escape character: \π           no-useless-escape
   58:5   warning  'maindiv' is not defined                   no-undef
   59:5   warning  'hide_all_steps' is not defined            no-undef
   61:9   warning  'MathJax' is not defined                   no-undef
   64:9   warning  'show_step' is not defined                 no-undef
   69:5   warning  'L_mm_a3' is not defined                   no-undef
   69:15  warning  'random1' is not defined                   no-undef
   70:5   warning  'L_m_a3' is not defined                    no-undef
   70:26  warning  'L_mm_a3' is not defined                   no-undef
   71:5   warning  'K1_a3' is not defined                     no-undef
   71:13  warning  'random1' is not defined                   no-undef
   72:5   warning  'K2_a3' is not defined                     no-undef
   72:13  warning  'random1' is not defined                   no-undef
   73:5   warning  'h_a3' is not defined                      no-undef
   73:12  warning  'random1' is not defined                   no-undef
   74:5   warning  'd1_mm_a3' is not defined                  no-undef
   74:16  warning  'random1' is not defined                   no-undef
   75:5   warning  'd1_m_a3' is not defined                   no-undef
   75:27  warning  'd1_mm_a3' is not defined                  no-undef
   76:5   warning  'd2_mm_a3' is not defined                  no-undef
   76:16  warning  'random1' is not defined                   no-undef
   77:5   warning  'd2_m_a3' is not defined                   no-undef
   77:27  warning  'd2_mm_a3' is not defined                  no-undef
   78:5   warning  'P_a3' is not defined                      no-undef
   78:22  warning  'd2_m_a3' is not defined                   no-undef
   79:5   warning  'A1_a3' is not defined                     no-undef
   79:38  warning  'd1_m_a3' is not defined                   no-undef
   80:5   warning  'A2_a3' is not defined                     no-undef
   80:38  warning  'd2_m_a3' is not defined                   no-undef
   81:5   warning  'm_a3' is not defined                      no-undef
   81:23  warning  'h_a3' is not defined                      no-undef
   81:30  warning  'P_a3' is not defined                      no-undef
   81:39  warning  'K1_a3' is not defined                     no-undef
   81:47  warning  'A1_a3' is not defined                     no-undef
   81:55  warning  'K2_a3' is not defined                     no-undef
   81:63  warning  'A2_a3' is not defined                     no-undef
   82:5   warning  'eff_a3' is not defined                    no-undef
   82:24  warning  'm_a3' is not defined                      no-undef
   82:31  warning  'L_m_a3' is not defined                    no-undef
   82:42  warning  'm_a3' is not defined                      no-undef
   82:49  warning  'L_m_a3' is not defined                    no-undef
   83:28  warning  'L_mm_a3' is not defined                   no-undef
   84:27  warning  'L_m_a3' is not defined                    no-undef
   85:26  warning  'K1_a3' is not defined                     no-undef
   86:26  warning  'K2_a3' is not defined                     no-undef
   87:25  warning  'h_a3' is not defined                      no-undef
   88:29  warning  'd1_mm_a3' is not defined                  no-undef
   89:29  warning  'd1_m_a3' is not defined                   no-undef
   90:29  warning  'd2_mm_a3' is not defined                  no-undef
   91:28  warning  'd2_m_a3' is not defined                   no-undef
   92:25  warning  'P_a3' is not defined                      no-undef
   93:26  warning  'A1_a3' is not defined                     no-undef
   94:26  warning  'A2_a3' is not defined                     no-undef
   95:25  warning  'm_a3' is not defined                      no-undef
   96:27  warning  'eff_a3' is not defined                    no-undef
   98:10  warning  'a3_verify_P' is defined but never used    no-unused-vars
  100:17  warning  'P_a3' is not defined                      no-undef
  101:10  warning  'verify_values' is not defined             no-undef
  101:47  warning  'P_a3' is not defined                      no-undef
  115:16  warning  Unnecessary escape character: \π           no-useless-escape
  115:38  warning  'P_a3' is not defined                      no-undef
  151:9   warning  'MathJax' is not defined                   no-undef
  154:10  warning  'a3_verify_A' is defined but never used    no-unused-vars
  157:17  warning  'A1_a3' is not defined                     no-undef
  157:24  warning  'A2_a3' is not defined                     no-undef
  158:10  warning  'verify_values' is not defined             no-undef
  158:48  warning  'A1_a3' is not defined                     no-undef
  167:10  warning  'verify_values' is not defined             no-undef
  167:48  warning  'A2_a3' is not defined                     no-undef
  181:55  warning  'A1_a3' is not defined                     no-undef
  182:55  warning  'A2_a3' is not defined                     no-undef
  202:9   warning  'MathJax' is not defined                   no-undef
  205:10  warning  'a3_verify_m' is defined but never used    no-unused-vars
  207:17  warning  'm_a3' is not defined                      no-undef
  208:10  warning  'verify_values' is not defined             no-undef
  208:47  warning  'm_a3' is not defined                      no-undef
  222:69  warning  'm_a3' is not defined                      no-undef
  233:18  warning  Unnecessary escape character: \η           no-useless-escape
  245:9   warning  'MathJax' is not defined                   no-undef
  248:10  warning  'a3_verify_eff' is defined but never used  no-unused-vars
  250:17  warning  'eff_a3' is not defined                    no-undef
  251:10  warning  'verify_values' is not defined             no-undef
  251:47  warning  'eff_a3' is not defined                    no-undef
  266:13  warning  Unnecessary escape character: \η           no-useless-escape
  266:56  warning  'eff_a3' is not defined                    no-undef
  276:9   warning  'MathJax' is not defined                   no-undef

/home/runner/work/exp-heat-transfer-pin-fin-iitb/exp-heat-transfer-pin-fin-iitb/experiment/simulation/js/data.js
   3:5  warning  'd_m_a1' is assigned a value but never used    no-unused-vars
   5:5  warning  'L_m_a1' is assigned a value but never used    no-unused-vars
   6:5  warning  'h_a1' is assigned a value but never used      no-unused-vars
   7:5  warning  'K_a1' is assigned a value but never used      no-unused-vars
   8:5  warning  'T0_a1' is assigned a value but never used     no-unused-vars
   9:5  warning  'Tf_a1' is assigned a value but never used     no-unused-vars
  10:5  warning  'theta_0_a1' is defined but never used         no-unused-vars
  11:5  warning  'P_a1' is defined but never used               no-unused-vars
  12:5  warning  'A_a1' is defined but never used               no-unused-vars
  13:5  warning  'm_a1' is defined but never used               no-unused-vars
  14:5  warning  'Q_a1' is defined but never used               no-unused-vars
  15:5  warning  'effc_a1' is defined but never used            no-unused-vars
  16:5  warning  'T_end_a1' is defined but never used           no-unused-vars
  18:5  warning  'T0_a2' is assigned a value but never used     no-unused-vars
  19:5  warning  'Tf_a2' is assigned a value but never used     no-unused-vars
  20:5  warning  'T_end_a2' is assigned a value but never used  no-unused-vars
  22:5  warning  'l_m_a2' is assigned a value but never used    no-unused-vars
  24:5  warning  'w_m_a2' is assigned a value but never used    no-unused-vars
  25:5  warning  'K_a2' is assigned a value but never used      no-unused-vars
  26:5  warning  'h_a2' is assigned a value but never used      no-unused-vars
  27:5  warning  'P_a2' is defined but never used               no-unused-vars
  28:5  warning  'A_a2' is defined but never used               no-unused-vars
  29:5  warning  'm_a2' is defined but never used               no-unused-vars
  30:5  warning  'theta_0_a2' is defined but never used         no-unused-vars
  31:5  warning  'theta_a2' is defined but never used           no-unused-vars
  32:5  warning  'L_a2' is defined but never used               no-unused-vars
  35:5  warning  'L_m_a3' is assigned a value but never used    no-unused-vars
  36:5  warning  'K1_a3' is assigned a value but never used     no-unused-vars
  37:5  warning  'K2_a3' is assigned a value but never used     no-unused-vars
  38:5  warning  'h_a3' is assigned a value but never used      no-unused-vars
  40:5  warning  'd1_m_a3' is assigned a value but never used   no-unused-vars
  42:5  warning  'd2_m_a3' is assigned a value but never used   no-unused-vars
  43:5  warning  'P_a3' is defined but never used               no-unused-vars
  44:5  warning  'A1_a3' is defined but never used              no-unused-vars
  45:5  warning  'A2_a3' is defined but never used              no-unused-vars
  46:5  warning  'm_a3' is defined but never used               no-unused-vars
  47:5  warning  'eff_a3' is defined but never used             no-unused-vars

/home/runner/work/exp-heat-transfer-pin-fin-iitb/exp-heat-transfer-pin-fin-iitb/experiment/simulation/js/screen_size.js
  1:10  warning  'set_screen_size' is defined but never used  no-unused-vars

✖ 403 problems (0 errors, 403 warnings)

